21/02/17 - 08:00:23 INFO: ------------------------------------------------------------------------------------------------------
21/02/17 - 08:00:23 INFO: Backup iniciado manualmente
21/02/17 - 08:00:23 INFO: Iniciando cópia de arquivos de -->D:\Makito\ver\594\board para -->D:\Makito\ver\594\board arquivo final -->C:\Users\fernando\Desktop\Backup\BackupMakito21-02-2017.zip
21/02/17 - 08:01:37 INFO: ------------------------------------------------------------------------------------------------------
21/02/17 - 08:01:37 INFO: Backup iniciado manualmente
21/02/17 - 08:01:37 INFO: Iniciando cópia de arquivos de -->D:\Makito\ver\594\board para -->D:\Makito\ver\594\board arquivo final -->C:\Users\fernando\Desktop\Backup\BackupMakito21-02-2017.zip
21/02/17 - 08:18:23 INFO: ------------------------------------------------------------------------------------------------------
21/02/17 - 08:18:23 INFO: Backup iniciado manualmente
21/02/17 - 08:18:24 INFO: Iniciando cópia de arquivos de -->D:\Makito\ver\594\board para -->D:\Makito\ver\594\board arquivo final -->C:\Users\fernando\Desktop\Backup\BackupMakito21-02-2017.zip
21/02/17 - 08:19:30 INFO: ------------------------------------------------------------------------------------------------------
21/02/17 - 08:19:30 INFO: Backup iniciado manualmente
21/02/17 - 08:19:30 INFO: Iniciando cópia de arquivos de -->D:\Makito\ver\594\board para -->D:\Makito\ver\594\board arquivo final -->C:\Users\fernando\Desktop\Backup\BackupMakito21-02-2017.zip
21/02/17 - 08:19:34 INFO: Cópia de arquivos finalizada
21/02/17 - 08:19:34 INFO: Criando arquivo compactado
21/02/17 - 08:19:35 INFO: Arquivo compactado criado
21/02/17 - 08:19:35 INFO: Apagando arquivos temporários
21/02/17 - 08:19:35 INFO: Arquivos temporários apagados
21/02/17 - 08:19:35 INFO: Backup concluido!
21/02/17 - 08:19:36 INFO: Alterando pasta_destino de 'C:\Users\fernando\Desktop\Backup\Teste board.zip' para 'C:\Users\fernando\Desktop\Backup\BackupMakito21-02-2017.zip'
21/02/17 - 08:20:52 INFO: ------------------------------------------------------------------------------------------------------
21/02/17 - 08:20:52 INFO: Backup iniciado manualmente
21/02/17 - 08:20:52 INFO: Iniciando cópia de arquivos de -->D:\Makito\ver\594\board para -->D:\Makito\ver\594\board arquivo final -->C:\Users\fernando\Desktop\Backup\BackupMakito21-02-20317.zip
21/02/17 - 08:20:53 INFO: Cópia de arquivos finalizada
21/02/17 - 08:20:53 INFO: Criando arquivo compactado
21/02/17 - 08:20:54 INFO: Arquivo compactado criado
21/02/17 - 08:20:54 INFO: Apagando arquivos temporários
21/02/17 - 08:20:54 INFO: Arquivos temporários apagados
21/02/17 - 08:20:54 INFO: Backup concluido!
21/02/17 - 08:20:54 INFO: Alterando pasta_destino de 'C:\Users\fernando\Desktop\Backup\BackupMakito21-02-2017.zip' para 'C:\Users\fernando\Desktop\Backup\BackupMakito21-02-20317.zip'
21/02/17 - 08:23:18 INFO: ------------------------------------------------------------------------------------------------------
21/02/17 - 08:23:18 INFO: Backup iniciado manualmente
21/02/17 - 08:23:18 INFO: Iniciando cópia de arquivos de -->D:\Makito\ver\594\board para -->D:\Makito\ver\594\board arquivo final -->C:\Users\fernando\Desktop\Backup\BackupMakito21-02-2017.zip
21/02/17 - 08:23:18 INFO: Cópia de arquivos finalizada
21/02/17 - 08:23:18 INFO: Criando arquivo compactado
21/02/17 - 08:23:19 INFO: Arquivo compactado criado
21/02/17 - 08:23:19 INFO: Apagando arquivos temporários
21/02/17 - 08:23:19 INFO: Arquivos temporários apagados
21/02/17 - 08:23:19 INFO: Backup concluido!
21/02/17 - 08:23:19 INFO: Alterando pasta_destino de 'C:\Users\fernando\Desktop\Backup\BackupMakito21-02-20317.zip' para 'C:\Users\fernando\Desktop\Backup\BackupMakito21-02-2017.zip'
21/02/17 - 08:24:23 INFO: ------------------------------------------------------------------------------------------------------
21/02/17 - 08:24:23 INFO: Backup iniciado manualmente
21/02/17 - 08:24:23 INFO: Iniciando cópia de arquivos de -->D:\Makito\ver\594\board para -->D:\Makito\ver\594\board arquivo final -->C:\Users\fernando\Desktop\Backup\BackupMakito21-02-2017.zip
21/02/17 - 08:24:23 INFO: Cópia de arquivos finalizada
21/02/17 - 08:24:23 INFO: Criando arquivo compactado
21/02/17 - 08:24:24 INFO: Arquivo compactado criado
21/02/17 - 08:24:25 INFO: Apagando arquivos temporários
21/02/17 - 08:24:25 INFO: Arquivos temporários apagados
21/02/17 - 08:24:25 INFO: Backup concluido!
21/02/17 - 08:27:57 INFO: ------------------------------------------------------------------------------------------------------
21/02/17 - 08:27:57 INFO: Backup iniciado manualmente
21/02/17 - 08:27:57 INFO: Iniciando cópia de arquivos de -->D:\Makito\ver\594\board para -->D:\Makito\ver\594\board arquivo final -->C:\Users\fernando\Desktop\Backup\BackupMakito21-02-2017.zip
21/02/17 - 08:27:57 INFO: Cópia de arquivos finalizada
21/02/17 - 08:27:57 INFO: Criando arquivo compactado
21/02/17 - 08:27:58 INFO: Arquivo compactado criado
21/02/17 - 08:27:58 INFO: Apagando arquivos temporários
21/02/17 - 08:27:58 INFO: Arquivos temporários apagados
21/02/17 - 08:27:58 INFO: Backup concluido!
21/02/17 - 08:27:58 INFO: Alterando arquivos_ignorados de '' para 'fastreport / clienteficha(Ficha Cadastro).fr3/fastreport / cartacobranca(Modelo 1).fr3/danfce(A4).fr3/'
21/02/17 - 08:31:25 INFO: ------------------------------------------------------------------------------------------------------
21/02/17 - 08:31:25 INFO: Backup iniciado manualmente
21/02/17 - 08:31:25 INFO: Iniciando cópia de arquivos de -->D:\Makito\ver\594\board para -->D:\Makito\ver\594\board arquivo final -->C:\Users\fernando\Desktop\Backup\BackupMakito21-02-2017.zip
21/02/17 - 08:31:26 INFO: Cópia de arquivos finalizada
21/02/17 - 08:31:26 INFO: Criando arquivo compactado
21/02/17 - 08:31:27 INFO: Arquivo compactado criado
21/02/17 - 08:31:27 INFO: Apagando arquivos temporários
21/02/17 - 08:31:27 INFO: Arquivos temporários apagados
21/02/17 - 08:31:27 INFO: Backup concluido!
21/02/17 - 08:31:27 INFO: Alterando arquivos_ignorados de 'fastreport / clienteficha(Ficha Cadastro).fr3/fastreport / cartacobranca(Modelo 1).fr3/danfce(A4).fr3/' para 'fastreport / cartacobranca(Modelo 1).fr3<danfce(Mini Impressora).fr3<danfce(A4).fr3<'
21/02/17 - 11:47:45 INFO: ------------------------------------------------------------------------------------------------------
21/02/17 - 11:47:45 INFO: Backup iniciado manualmente
21/02/17 - 11:47:45 INFO: Iniciando cópia de arquivos de -->D:\Makito\ver\594\board para -->D:\Makito\ver\594\board arquivo final -->C:\Users\fernando\Desktop\Backup\BackupMakito21-02-23017.zip
21/02/17 - 11:47:48 INFO: Cópia de arquivos finalizada
21/02/17 - 11:47:48 INFO: Criando arquivo compactado
21/02/17 - 11:47:49 INFO: Arquivo compactado criado
21/02/17 - 11:47:49 INFO: Apagando arquivos temporários
21/02/17 - 11:47:49 INFO: Arquivos temporários apagados
21/02/17 - 11:47:49 INFO: Backup concluido!
21/02/17 - 11:47:49 INFO: Alterando pasta_destino de 'C:\Users\fernando\Desktop\Backup\BackupMakito21-02-2017.zip' para 'C:\Users\fernando\Desktop\Backup\BackupMakito21-02-23017.zip'
21/02/17 - 11:48:33 INFO: ------------------------------------------------------------------------------------------------------
21/02/17 - 11:48:33 INFO: Backup iniciado manualmente
21/02/17 - 11:48:34 INFO: Iniciando cópia de arquivos de -->D:\Makito\ver\594\board para -->D:\Makito\ver\594\board arquivo final -->C:\Users\fernando\Desktop\Backup\BackupMakito21-032-2017.zip
21/02/17 - 11:48:34 INFO: Cópia de arquivos finalizada
21/02/17 - 11:48:34 INFO: Criando arquivo compactado
21/02/17 - 11:48:35 INFO: Arquivo compactado criado
21/02/17 - 11:48:35 INFO: Apagando arquivos temporários
21/02/17 - 11:48:35 INFO: Arquivos temporários apagados
21/02/17 - 11:48:35 INFO: Backup concluido!
21/02/17 - 11:48:35 INFO: Alterando pasta_destino de 'C:\Users\fernando\Desktop\Backup\BackupMakito21-02-23017.zip' para 'C:\Users\fernando\Desktop\Backup\BackupMakito21-032-2017.zip'
21/02/17 - 11:48:35 INFO: Alterando arquivos_ignorados de 'fastreport / cartacobranca(Modelo 1).fr3<danfce(Mini Impressora).fr3<danfce(A4).fr3<' para 'danfce(A4).fr3<fastreport / cartacobranca(Modelo 1).fr3<danfce(Mini Impressora).fr3<danfce(A4).fr3<'
21/02/17 - 11:49:56 INFO: Alterando pastas_ignoradas de 'tempor,FastEstrutura,FirefoxPortable,GoogleChromePortable,Log,LogEcf,LogTerminais,MkoLog,MONITOR,NFELOG,recebido,relcry,DownloadTmp,MakitoBackupLogs' para 'fastreport,MakitoBackupLogs,DownloadTmp,relcry,recebido,NFELOG,MONITOR,MkoLog,LogTerminais,LogEcf,Log,GoogleChromePortable,FirefoxPortable,FastEstrutura,tempor,'
21/02/17 - 11:50:18 INFO: ------------------------------------------------------------------------------------------------------
21/02/17 - 11:50:18 INFO: Backup iniciado manualmente
21/02/17 - 11:50:18 INFO: Iniciando cópia de arquivos de -->D:\Makito\ver\594\board para -->D:\Makito\ver\594\board arquivo final -->C:\Users\fernando\Desktop\Backup\BackupMakito21-302-2017.zip
21/02/17 - 11:50:18 INFO: Cópia de arquivos finalizada
21/02/17 - 11:50:18 INFO: Criando arquivo compactado
21/02/17 - 11:50:18 INFO: Arquivo compactado criado
21/02/17 - 11:50:18 INFO: Apagando arquivos temporários
21/02/17 - 11:50:18 INFO: Arquivos temporários apagados
21/02/17 - 11:50:18 INFO: Backup concluido!
21/02/17 - 11:50:18 INFO: Alterando pasta_destino de 'C:\Users\fernando\Desktop\Backup\BackupMakito21-032-2017.zip' para 'C:\Users\fernando\Desktop\Backup\BackupMakito21-302-2017.zip'
21/02/17 - 11:50:18 INFO: Alterando arquivos_ignorados de 'danfce(A4).fr3<fastreport / cartacobranca(Modelo 1).fr3<danfce(Mini Impressora).fr3<danfce(A4).fr3<' para 'modelo(Em Branco).fr3<danfce(Mini Impressora).fr3<danfce(A4).fr3<'
21/02/17 - 11:51:45 INFO: Alterando pastas_ignoradas de 'fastreport,MakitoBackupLogs,DownloadTmp,relcry,recebido,NFELOG,MONITOR,MkoLog,LogTerminais,LogEcf,Log,GoogleChromePortable,FirefoxPortable,FastEstrutura,tempor,' para 'tempor,FastEstrutura,FirefoxPortable,GoogleChromePortable,Log,LogEcf,LogTerminais,MkoLog,MONITOR,NFELOG,recebido,relcry,DownloadTmp,MakitoBackupLogs,'
21/02/17 - 11:52:02 INFO: ------------------------------------------------------------------------------------------------------
21/02/17 - 11:52:02 INFO: Backup iniciado manualmente
21/02/17 - 11:52:02 INFO: Iniciando cópia de arquivos de -->D:\Makito\ver\594\board para -->D:\Makito\ver\594\board arquivo final -->C:\Users\fernando\Desktop\Backup\BackupMak45ito21-02-2017.zip
21/02/17 - 11:52:03 INFO: Cópia de arquivos finalizada
21/02/17 - 11:52:03 INFO: Criando arquivo compactado
21/02/17 - 11:52:04 INFO: Arquivo compactado criado
21/02/17 - 11:52:04 INFO: Apagando arquivos temporários
21/02/17 - 11:52:04 INFO: Arquivos temporários apagados
21/02/17 - 11:52:04 INFO: Backup concluido!
21/02/17 - 11:52:04 INFO: Alterando pasta_destino de 'C:\Users\fernando\Desktop\Backup\BackupMakito21-302-2017.zip' para 'C:\Users\fernando\Desktop\Backup\BackupMak45ito21-02-2017.zip'
21/02/17 - 11:52:04 INFO: Alterando arquivos_ignorados de 'modelo(Em Branco).fr3<danfce(Mini Impressora).fr3<danfce(A4).fr3<' para 'modelo(Em Branco).fr3<fastreport / controleparcelaspagamento(Laser).fr3<fastreport / controleinterno(40 Colunas).fr3<danfce(Mini Impressora).fr3<danfce(A4).fr3<'
21/02/17 - 11:52:24 INFO: Alterando extensoes de 'dat/fr3/hdr/k1/k2/k3/k4/k5/k6/k7/k8/tag/flx/rpt/exe/cfg/dll/txt/con/int/' para 'int/con/txt/dll/cfg/exe/rpt/flx/tag/k8/k7/k6/k5/k4/k3/k2/k1/hdr/fr3/dat/'
21/02/17 - 11:52:24 INFO: Alterando extensoes_ativas de 'fr3/' para 'dat/'
21/02/17 - 11:52:41 INFO: ------------------------------------------------------------------------------------------------------
21/02/17 - 11:52:41 INFO: Backup iniciado manualmente
21/02/17 - 11:52:41 INFO: Iniciando cópia de arquivos de -->D:\Makito\ver\594\board para -->D:\Makito\ver\594\board arquivo final -->C:\Users\fernando\Desktop\Backup\dats.zip
21/02/17 - 11:53:10 INFO: Cópia de arquivos finalizada
21/02/17 - 11:53:10 INFO: Criando arquivo compactado
21/02/17 - 11:53:50 INFO: Arquivo compactado criado
21/02/17 - 11:53:50 INFO: Apagando arquivos temporários
21/02/17 - 11:53:51 INFO: Arquivos temporários apagados
21/02/17 - 11:53:51 INFO: Backup concluido!
21/02/17 - 11:53:51 INFO: Alterando pasta_destino de 'C:\Users\fernando\Desktop\Backup\BackupMak45ito21-02-2017.zip' para 'C:\Users\fernando\Desktop\Backup\dats.zip'
21/02/17 - 11:53:51 INFO: Alterando arquivos_ignorados de 'modelo(Em Branco).fr3<fastreport / controleparcelaspagamento(Laser).fr3<fastreport / controleinterno(40 Colunas).fr3<danfce(Mini Impressora).fr3<danfce(A4).fr3<' para 'ITRESPOL.DAT<'
