27/02/17 - 14:37:15 INFO: ------------------------------------------------------------------------------------------------------
27/02/17 - 14:37:15 INFO: Backup iniciado manualmente por fernando
27/02/17 - 14:37:56 INFO: ------------------------------------------------------------------------------------------------------
27/02/17 - 14:37:56 INFO: Backup iniciado manualmente por fernando
27/02/17 - 14:46:55 INFO: ------------------------------------------------------------------------------------------------------
27/02/17 - 14:46:55 INFO: Backup iniciado manualmente por fernando
27/02/17 - 14:46:55 INFO: Iniciando cópia de arquivos de -->D:\Makito\ver\594\board para a pasta temporária -->D:\\backup_makito | arquivo final -->C:\Users\fernando\Desktop\Backup\BackupMakito27-02-2017.zip
27/02/17 - 14:46:58 INFO: Cópia de arquivos finalizada
27/02/17 - 14:46:58 INFO: Criando arquivo compactado
27/02/17 - 14:46:58 INFO: Arquivo compactado criado
27/02/17 - 14:46:58 INFO: Apagando arquivos temporários
27/02/17 - 14:46:59 INFO: Arquivos temporários apagados
27/02/17 - 14:46:59 INFO: Apagando backup antigo:BackupMakito24-02-2017.zip
27/02/17 - 14:46:59 INFO: Backup concluido!
27/02/17 - 14:46:59 INFO: Alterando pasta_destino de 'C:\Users\fernando\Desktop\Backup\BackupMakito24-02-2017.zip' para 'C:\Users\fernando\Desktop\Backup\BackupMakito27-02-2017.zip'
27/02/17 - 14:47:08 INFO: Alterando pasta_temp de 'D:\' para 'propria'
27/02/17 - 14:47:18 INFO: ------------------------------------------------------------------------------------------------------
27/02/17 - 14:47:18 INFO: Backup iniciado manualmente por fernando
27/02/17 - 14:47:18 INFO: Iniciando cópia de arquivos de -->D:\Makito\ver\594\board para a pasta temporária -->C:\Users\fernando\Desktop\Backup\backup_makito | arquivo final -->C:\Users\fernando\Desktop\Backup\BackupMakito27-32-2017.zip
27/02/17 - 14:47:18 INFO: Cópia de arquivos finalizada
27/02/17 - 14:47:18 INFO: Criando arquivo compactado
27/02/17 - 14:51:14 INFO: ------------------------------------------------------------------------------------------------------
27/02/17 - 14:51:14 INFO: Backup iniciado manualmente por fernando
27/02/17 - 14:51:14 INFO: Iniciando cópia de arquivos de -->D:\Makito\ver\594\board para a pasta temporária -->C:\Users\fernando\Desktop\Backup\backup_makito | arquivo final -->C:\Users\fernando\Desktop\Backup\BackupMakito27-02-2017.zip
27/02/17 - 14:51:15 INFO: Cópia de arquivos finalizada
27/02/17 - 14:51:15 INFO: Criando arquivo compactado
27/02/17 - 14:51:16 INFO: Arquivo compactado criado
27/02/17 - 14:51:16 INFO: Apagando arquivos temporários
27/02/17 - 14:51:16 INFO: Arquivos temporários apagados
27/02/17 - 14:51:16 INFO: Backup concluido!
27/02/17 - 14:51:20 INFO: ------------------------------------------------------------------------------------------------------
27/02/17 - 14:51:20 INFO: Backup iniciado manualmente por fernando
27/02/17 - 14:51:20 INFO: Iniciando cópia de arquivos de -->D:\Makito\ver\594\board para a pasta temporária -->C:\Users\fernando\Desktop\Backup\backup_makito | arquivo final -->C:\Users\fernando\Desktop\Backup\BackupMakito27-02-2017.zipa.zip
27/02/17 - 14:51:21 INFO: Cópia de arquivos finalizada
27/02/17 - 14:51:21 INFO: Criando arquivo compactado
27/02/17 - 14:51:22 INFO: Arquivo compactado criado
27/02/17 - 14:51:22 INFO: Apagando arquivos temporários
27/02/17 - 14:51:22 INFO: Arquivos temporários apagados
27/02/17 - 14:51:22 INFO: Backup concluido!
27/02/17 - 14:51:22 INFO: Alterando pasta_destino de 'C:\Users\fernando\Desktop\Backup\BackupMakito27-02-2017.zip' para 'C:\Users\fernando\Desktop\Backup\BackupMakito27-02-2017.zipa.zip'
27/02/17 - 14:51:27 INFO: ------------------------------------------------------------------------------------------------------
27/02/17 - 14:51:27 INFO: Backup iniciado manualmente por fernando
27/02/17 - 14:51:27 INFO: Iniciando cópia de arquivos de -->D:\Makito\ver\594\board para a pasta temporária -->C:\Users\fernando\Desktop\Backup\backup_makito | arquivo final -->C:\Users\fernando\Desktop\Backup\BackupMakito27-02-2017.zipe.zip
27/02/17 - 14:51:27 INFO: Cópia de arquivos finalizada
27/02/17 - 14:51:27 INFO: Criando arquivo compactado
27/02/17 - 14:51:28 INFO: Arquivo compactado criado
27/02/17 - 14:51:28 INFO: Apagando arquivos temporários
27/02/17 - 14:51:28 INFO: Arquivos temporários apagados
27/02/17 - 14:51:28 INFO: Backup concluido!
27/02/17 - 14:51:28 INFO: Alterando pasta_destino de 'C:\Users\fernando\Desktop\Backup\BackupMakito27-02-2017.zipa.zip' para 'C:\Users\fernando\Desktop\Backup\BackupMakito27-02-2017.zipe.zip'
27/02/17 - 14:51:33 INFO: ------------------------------------------------------------------------------------------------------
27/02/17 - 14:51:33 INFO: Backup iniciado manualmente por fernando
27/02/17 - 14:51:33 INFO: Iniciando cópia de arquivos de -->D:\Makito\ver\594\board para a pasta temporária -->C:\Users\fernando\Desktop\Backup\backup_makito | arquivo final -->C:\Users\fernando\Desktop\Backup\BackupMakito27-02-2017.zipr.zip
27/02/17 - 14:51:33 INFO: Cópia de arquivos finalizada
27/02/17 - 14:51:33 INFO: Criando arquivo compactado
27/02/17 - 14:51:34 INFO: Arquivo compactado criado
27/02/17 - 14:51:34 INFO: Apagando arquivos temporários
27/02/17 - 14:51:34 INFO: Arquivos temporários apagados
27/02/17 - 14:51:34 INFO: Backup concluido!
27/02/17 - 14:51:34 INFO: Alterando pasta_destino de 'C:\Users\fernando\Desktop\Backup\BackupMakito27-02-2017.zipe.zip' para 'C:\Users\fernando\Desktop\Backup\BackupMakito27-02-2017.zipr.zip'
27/02/17 - 14:51:37 INFO: ------------------------------------------------------------------------------------------------------
27/02/17 - 14:51:37 INFO: Backup iniciado manualmente por fernando
27/02/17 - 14:51:38 INFO: Iniciando cópia de arquivos de -->D:\Makito\ver\594\board para a pasta temporária -->C:\Users\fernando\Desktop\Backup\backup_makito | arquivo final -->C:\Users\fernando\Desktop\Backup\BackupMakit23o27-02-2017.zip
27/02/17 - 14:51:38 INFO: Cópia de arquivos finalizada
27/02/17 - 14:51:38 INFO: Criando arquivo compactado
27/02/17 - 14:51:39 INFO: Arquivo compactado criado
27/02/17 - 14:51:39 INFO: Apagando arquivos temporários
27/02/17 - 14:51:40 INFO: Arquivos temporários apagados
27/02/17 - 14:51:40 INFO: Backup concluido!
27/02/17 - 14:51:40 INFO: Alterando pasta_destino de 'C:\Users\fernando\Desktop\Backup\BackupMakito27-02-2017.zipr.zip' para 'C:\Users\fernando\Desktop\Backup\BackupMakit23o27-02-2017.zip'
27/02/17 - 14:51:52 INFO: Alterando pasta_temp de 'propria' para 'D:\'
27/02/17 - 14:52:04 INFO: Alterando pasta_temp de 'D:\' para 'D:\Makito'
27/02/17 - 14:52:08 INFO: ------------------------------------------------------------------------------------------------------
27/02/17 - 14:52:08 INFO: Backup iniciado manualmente por fernando
27/02/17 - 14:52:08 INFO: Iniciando cópia de arquivos de -->D:\Makito\ver\594\board para a pasta temporária -->D:\Makito\backup_makito | arquivo final -->C:\Users\fernando\Desktop\Backup\BackupMakitowq27-02-2017.zip
27/02/17 - 14:52:09 INFO: Cópia de arquivos finalizada
27/02/17 - 14:52:09 INFO: Criando arquivo compactado
27/02/17 - 14:52:10 INFO: Arquivo compactado criado
27/02/17 - 14:52:10 INFO: Apagando arquivos temporários
27/02/17 - 14:52:10 INFO: Arquivos temporários apagados
27/02/17 - 14:52:10 INFO: Backup concluido!
27/02/17 - 14:52:10 INFO: Alterando pasta_destino de 'C:\Users\fernando\Desktop\Backup\BackupMakit23o27-02-2017.zip' para 'C:\Users\fernando\Desktop\Backup\BackupMakitowq27-02-2017.zip'
27/02/17 - 14:52:15 INFO: ------------------------------------------------------------------------------------------------------
27/02/17 - 14:52:15 INFO: Backup iniciado manualmente por fernando
27/02/17 - 14:52:15 INFO: Iniciando cópia de arquivos de -->D:\Makito\ver\594\board para a pasta temporária -->D:\Makito\backup_makito | arquivo final -->C:\Users\fernando\Desktop\Backup\BackupMakieqweto27-02-2017.zip
27/02/17 - 14:52:16 INFO: Cópia de arquivos finalizada
27/02/17 - 14:52:16 INFO: Criando arquivo compactado
27/02/17 - 14:52:17 INFO: Arquivo compactado criado
27/02/17 - 14:52:17 INFO: Apagando arquivos temporários
27/02/17 - 14:52:17 INFO: Arquivos temporários apagados
27/02/17 - 14:52:17 INFO: Backup concluido!
27/02/17 - 14:52:17 INFO: Alterando pasta_destino de 'C:\Users\fernando\Desktop\Backup\BackupMakitowq27-02-2017.zip' para 'C:\Users\fernando\Desktop\Backup\BackupMakieqweto27-02-2017.zip'
27/02/17 - 14:52:22 INFO: Alterando pasta_temp de 'D:\Makito' para 'propria'
27/02/17 - 14:52:25 INFO: ------------------------------------------------------------------------------------------------------
27/02/17 - 14:52:25 INFO: Backup iniciado manualmente por fernando
27/02/17 - 14:52:26 INFO: Iniciando cópia de arquivos de -->D:\Makito\ver\594\board para a pasta temporária -->C:\Users\fernando\Desktop\Backup\backup_makito | arquivo final -->C:\Users\fernando\Desktop\Backup\BackupMqweqwakito27-02-2017.zip
27/02/17 - 14:52:26 INFO: Cópia de arquivos finalizada
27/02/17 - 14:52:26 INFO: Criando arquivo compactado
27/02/17 - 14:52:27 INFO: Arquivo compactado criado
27/02/17 - 14:52:27 INFO: Apagando arquivos temporários
27/02/17 - 14:52:27 INFO: Arquivos temporários apagados
27/02/17 - 14:52:27 INFO: Backup concluido!
27/02/17 - 14:52:27 INFO: Alterando pasta_destino de 'C:\Users\fernando\Desktop\Backup\BackupMakieqweto27-02-2017.zip' para 'C:\Users\fernando\Desktop\Backup\BackupMqweqwakito27-02-2017.zip'
