09/02/2017 - 08:44:37 INFO: Alterando configurações - Campo: executa_antes|Valor: 
09/02/2017 - 08:48:11 INFO: Alterando executa_antes de '' para '123'
09/02/2017 - 08:48:11 INFO: Alterando executa_depois de '' para '456'
09/02/2017 - 08:48:12 INFO: Alterando compactacao de '7' para '9'
09/02/2017 - 08:48:12 INFO: Alterando backup_facil de 'false' para 'true'
09/02/17 - 09:46:52 INFO: Alterando backup_facil de 'true' para 'false'
09/02/17 - 10:04:45 INFO: Alterando executa_antes de '123' para ''
09/02/17 - 10:04:45 INFO: Alterando executa_depois de '456' para ''
09/02/17 - 11:19:11 INFO: Criando arquivo de configurações
09/02/17 - 11:19:11 INFO: Arquivo de configurações criado
09/02/17 - 11:21:34 INFO: Alterando edoc_backup de 'false' para 'true'
09/02/17 - 11:26:25 INFO: Alterando edoc_backup de 'true' para 'false'
09/02/17 - 11:36:46 INFO: Alterando edoc_backup de 'false' para 'true'
09/02/17 - 11:36:47 INFO: Alterando modo de 'dat' para 'post'
09/02/17 - 11:55:25 INFO: Testando backup do PostgreSQL, pasta_bin:C:\Program Files (x86)\PostgreSQL\9.3\bin servidor: localhost:5432 usuario: postgres
09/02/17 - 11:55:37 INFO: Alterando banco_post de '' para 'aaaaa'
09/02/17 - 11:55:45 INFO: Alterando banco_post de 'aaaaa' para ''
09/02/17 - 13:38:37 INFO: Criando arquivo de configurações
09/02/17 - 13:38:37 INFO: Arquivo de configurações criado
09/02/17 - 13:39:54 INFO: Criando arquivo de configurações
09/02/17 - 13:39:54 INFO: Arquivo de configurações criado
09/02/17 - 13:40:12 INFO: Alterando backup_postgres de 'false' para 'true'
09/02/17 - 13:40:17 INFO: Alterando backup_postgres de 'true' para 'false'
09/02/17 - 13:42:08 INFO: Alterando compactacao de '7' para '9'
09/02/17 - 14:52:34 INFO: Testando backup do PostgreSQL, pasta_bin:C:\Program Files (x86)\PostgreSQL\9.3\bin servidor: localhost:5432 usuario: postgres
09/02/17 - 17:00:41 INFO: Testando backup do PostgreSQL, pasta_bin:C:\Program Files (x86)\PostgreSQL\9.3\bin servidor: localhost:5432 usuario: postgres
09/02/17 - 17:10:16 INFO: Alterando backup_postgres de 'false' para 'true'
09/02/17 - 17:10:24 INFO: Alterando edoc_backup de 'false' para 'true'
09/02/17 - 17:10:26 INFO: Testando backup do PostgreSQL, pasta_bin:C:\Program Files (x86)\PostgreSQL\9.3\bin servidor: localhost:5432 usuario: postgres
09/02/17 - 17:11:12 INFO: Testando backup do PostgreSQL, pasta_bin:C:\Program Files (x86)\PostgreSQL\9.3\bin servidor: localhost:5432 usuario: postgres
09/02/17 - 17:18:57 INFO: Testando backup do PostgreSQL, pasta_bin:C:\Program Files (x86)\PostgreSQL\9.3\bin servidor: localhost:5432 usuario: postgres
09/02/17 - 17:49:59 INFO: Testando backup do PostgreSQL, pasta_bin:C:\Program Files (x86)\PostgreSQL\9.3\bin servidor: localhost:5432 usuario: postgres
