20/02/17 - 08:19:10 INFO: Criando nome_arquivo valor padrao 'BackupMakito'
20/02/17 - 08:19:10 INFO: Propriedade não encontrada nas configurações -> nome_arquivo
20/02/17 - 11:55:44 INFO: Alterando nome_arquivo de 'BackupMakito' para 'BackupMakitoTeste'
20/02/17 - 11:56:03 INFO: Alterando nome_arquivo de 'BackupMakitoTeste' para 'TestandoNome'
20/02/17 - 11:56:13 INFO: Alterando extensoes de 'int/con/txt/dll/cfg/exe/rpt/flx/tag/k8/k7/k6/k5/k4/k3/k2/k1/hdr/fr3/dat/' para 'dat/fr3/hdr/k1/k2/k3/k4/k5/k6/k7/k8/tag/flx/rpt/exe/cfg/dll/txt/con/int/'
20/02/17 - 11:56:13 INFO: Alterando extensoes_ativas de '' para 'fr3/'
20/02/17 - 11:56:17 INFO: Alterando edoc_backup de 'true' para 'false'
20/02/17 - 11:56:31 INFO: Backup iniciado automaticamente
20/02/17 - 11:56:31 INFO: Iniciando cópia de arquivos de -->D:\Makito\ver\594\board para -->C:\Users\fernando\Desktop\Backup\TestandoNome20-02-2017.zip
20/02/17 - 11:56:35 INFO: Copia de arquivos finalizada
20/02/17 - 11:56:35 INFO: Criando arquivo compactado
20/02/17 - 11:56:37 INFO: Arquivo compactado criado
20/02/17 - 11:56:37 INFO: Apagando arquivos temporários
20/02/17 - 11:56:37 INFO: Arquivos temporários apagados
20/02/17 - 11:56:37 INFO: Backup concluido!
20/02/17 - 11:56:37 INFO: Alterando pasta_destino de 'C:\Users\fernando\Desktop\Backup\BackupMakito17-02-2017_copia(1).zip' para 'C:\Users\fernando\Desktop\Backup\TestandoNome20-02-2017.zip'
20/02/17 - 11:57:05 INFO: Alterando nome_arquivo de 'TestandoNome' para 'BackupMakito'
20/02/17 - 14:55:13 INFO: ------------------------------------------------------------------------------------------------------
20/02/17 - 14:55:13 INFO: Backup iniciado manualmente
20/02/17 - 14:55:36 INFO: ------------------------------------------------------------------------------------------------------
20/02/17 - 14:55:36 INFO: Backup iniciado manualmente
20/02/17 - 14:56:46 INFO: ------------------------------------------------------------------------------------------------------
20/02/17 - 14:56:46 INFO: Backup iniciado manualmente
20/02/17 - 15:00:32 INFO: ------------------------------------------------------------------------------------------------------
20/02/17 - 15:00:32 INFO: Backup iniciado manualmente
20/02/17 - 15:00:35 INFO: Iniciando cópia de arquivos de -->D:\Makito\ver\594\board para -->C:\Users\fernando\Desktop\Backup\BackupMakito20-02-2017.zip
20/02/17 - 15:00:38 INFO: Copia de arquivos finalizada
20/02/17 - 15:00:38 INFO: Criando arquivo compactado
20/02/17 - 15:00:40 INFO: Arquivo compactado criado
20/02/17 - 15:00:40 INFO: Apagando arquivos temporários
20/02/17 - 15:00:40 INFO: Arquivos temporários apagados
20/02/17 - 15:00:40 INFO: Backup concluido!
20/02/17 - 15:00:40 INFO: Alterando pasta_destino de 'C:\Users\fernando\Desktop\Backup\TestandoNome20-02-2017.zip' para 'C:\Users\fernando\Desktop\Backup\BackupMakito20-02-2017.zip'
20/02/17 - 15:01:21 INFO: ------------------------------------------------------------------------------------------------------
20/02/17 - 15:01:21 INFO: Backup iniciado manualmente
20/02/17 - 15:04:27 INFO: ------------------------------------------------------------------------------------------------------
20/02/17 - 15:04:27 INFO: Backup iniciado manualmente
20/02/17 - 15:04:27 INFO: Iniciando cópia de arquivos de -->D:\Makito\ver\594\board para -->C:\Users\fernando\Desktop\Backup\BackupMakito20-302-2017.zip
20/02/17 - 15:04:30 INFO: Copia de arquivos finalizada
20/02/17 - 15:04:30 INFO: Criando arquivo compactado
20/02/17 - 15:04:31 INFO: Arquivo compactado criado
20/02/17 - 15:04:31 INFO: Apagando arquivos temporários
20/02/17 - 15:04:31 INFO: Arquivos temporários apagados
20/02/17 - 15:04:31 INFO: Backup concluido!
20/02/17 - 15:04:31 INFO: Alterando pasta_destino de 'C:\Users\fernando\Desktop\Backup\BackupMakito20-02-2017.zip' para 'C:\Users\fernando\Desktop\Backup\BackupMakito20-302-2017.zip'
20/02/17 - 15:46:55 INFO: Criando pasta_temp valor padrao 'propria'
20/02/17 - 15:46:55 INFO: Propriedade não encontrada nas configurações -> pasta_temp
20/02/17 - 16:10:11 INFO: Alterando pasta_temp de 'propria' para 'D:\'
20/02/17 - 16:12:54 INFO: Alterando backup_facil de 'true' para 'false'
20/02/17 - 17:37:48 INFO: Alterando extensoes de 'dat/fr3/hdr/k1/k2/k3/k4/k5/k6/k7/k8/tag/flx/rpt/exe/cfg/dll/txt/con/int/' para 'int/con/txt/dll/cfg/exe/rpt/flx/tag/k8/k7/k6/k5/k4/k3/k2/k1/hdr/fr3/dat/'
20/02/17 - 17:37:48 INFO: Alterando extensoes_ativas de 'fr3/' para 'fr3/dat/'
20/02/17 - 17:37:59 INFO: ------------------------------------------------------------------------------------------------------
20/02/17 - 17:37:59 INFO: Backup iniciado manualmente
20/02/17 - 17:37:59 INFO: Iniciando cópia de arquivos de -->D:\Makito\ver\594\board para -->D:\
20/02/17 - 17:38:33 INFO: Copia de arquivos finalizada
20/02/17 - 17:38:33 INFO: Criando arquivo compactado
20/02/17 - 17:39:19 INFO: Arquivo compactado criado
20/02/17 - 17:39:19 INFO: Apagando arquivos temporários
20/02/17 - 17:39:19 INFO: Arquivos temporários apagados
20/02/17 - 17:39:19 INFO: Backup concluido!
20/02/17 - 17:39:20 INFO: Alterando pasta_destino de 'C:\Users\fernando\Desktop\Backup\BackupMakito20-302-2017.zip' para 'C:\Users\fernando\Desktop\Backup\teste D.zip'
20/02/17 - 17:43:14 INFO: Alterando pasta_temp de 'D:\' para 'propria'
20/02/17 - 17:43:22 INFO: ------------------------------------------------------------------------------------------------------
20/02/17 - 17:43:22 INFO: Backup iniciado manualmente
20/02/17 - 17:43:22 INFO: Iniciando cópia de arquivos de -->D:\Makito\ver\594\board para -->C:\Users\fernando\Desktop\Backup arquivo final -->C:\Users\fernando\Desktop\Backup\teste propria.zip
20/02/17 - 17:43:49 INFO: Copia de arquivos finalizada
20/02/17 - 17:43:49 INFO: Criando arquivo compactado
20/02/17 - 17:44:40 INFO: Arquivo compactado criado
20/02/17 - 17:44:40 INFO: Apagando arquivos temporários
20/02/17 - 17:44:40 INFO: Arquivos temporários apagados
20/02/17 - 17:44:40 INFO: Backup concluido!
20/02/17 - 17:44:40 INFO: Alterando pasta_destino de 'C:\Users\fernando\Desktop\Backup\teste D.zip' para 'C:\Users\fernando\Desktop\Backup\teste propria.zip'
20/02/17 - 17:45:10 INFO: Alterando pasta_temp de 'propria' para 'C:\'
20/02/17 - 17:45:21 INFO: ------------------------------------------------------------------------------------------------------
20/02/17 - 17:45:21 INFO: Backup iniciado manualmente
20/02/17 - 17:45:51 INFO: ------------------------------------------------------------------------------------------------------
20/02/17 - 17:45:51 INFO: Backup iniciado manualmente
20/02/17 - 17:47:35 INFO: Alterando pasta_temp de 'C:\' para 'D:\Makito\ver\594\board'
20/02/17 - 17:47:53 INFO: ------------------------------------------------------------------------------------------------------
20/02/17 - 17:47:53 INFO: Backup iniciado manualmente
20/02/17 - 17:47:53 INFO: Iniciando cópia de arquivos de -->D:\Makito\ver\594\board para -->D:\Makito\ver\594\board arquivo final -->C:\Users\fernando\Desktop\Backup\Teste board.zip
20/02/17 - 17:48:18 INFO: Copia de arquivos finalizada
20/02/17 - 17:48:18 INFO: Criando arquivo compactado
20/02/17 - 17:49:05 INFO: Arquivo compactado criado
20/02/17 - 17:49:05 INFO: Apagando arquivos temporários
20/02/17 - 17:49:05 INFO: Arquivos temporários apagados
20/02/17 - 17:49:05 INFO: Backup concluido!
20/02/17 - 17:49:05 INFO: Alterando pasta_destino de 'C:\Users\fernando\Desktop\Backup\teste propria.zip' para 'C:\Users\fernando\Desktop\Backup\Teste board.zip'
20/02/17 - 17:57:00 INFO: Criando arquivos_ignorados valor padrao ''
20/02/17 - 17:57:00 INFO: Propriedade não encontrada nas configurações -> arquivos_ignorados
20/02/17 - 17:58:54 INFO: Alterando extensoes de 'int/con/txt/dll/cfg/exe/rpt/flx/tag/k8/k7/k6/k5/k4/k3/k2/k1/hdr/fr3/dat/' para 'dat/fr3/hdr/k1/k2/k3/k4/k5/k6/k7/k8/tag/flx/rpt/exe/cfg/dll/txt/con/int/'
20/02/17 - 17:58:54 INFO: Alterando extensoes_ativas de 'fr3/dat/' para 'fr3/'
20/02/17 - 17:59:00 INFO: ------------------------------------------------------------------------------------------------------
20/02/17 - 17:59:00 INFO: Backup iniciado manualmente
20/02/17 - 17:59:00 INFO: Iniciando cópia de arquivos de -->D:\Makito\ver\594\board para -->D:\Makito\ver\594\board arquivo final -->C:\Users\fernando\Desktop\Backup\BackupMakito20as-02-2017.zip
