10/02/17 - 08:07:14 INFO: Testando backup do PostgreSQL, pasta_bin:C:\Program Files (x86)\PostgreSQL\9.3\bin servidor: localhost:5432 usuario: postgres
10/02/17 - 08:07:32 INFO: Testando backup do PostgreSQL, pasta_bin:C:\Program Files (x86)\PostgreSQL\9.3\bin servidor: localhost:5432 usuario: postgres
10/02/17 - 08:08:39 INFO: Testando backup do PostgreSQL, pasta_bin:C:\Program Files (x86)\PostgreSQL\9.3\bin servidor: localhost:5432 usuario: postgres
10/02/17 - 08:08:43 INFO: As configurações do PostgresSQL estão corretas.
10/02/17 - 08:08:45 INFO: Testando backup do PostgreSQL, pasta_bin:C:\Program Files (x86)\PostgreSQL\9.3\bin servidor: localhost:5432 usuario: postgres
10/02/17 - 08:09:07 INFO: Alterando banco_post de '' para 'blancoaf'
10/02/17 - 08:16:26 INFO: Testando backup do PostgreSQL, pasta_bin:C:\Program Files (x86)\PostgreSQL\9.3\bin servidor: localhost:5432 usuario: postgres
10/02/17 - 08:18:52 INFO: Testando backup do PostgreSQL, pasta_bin:C:\Program Files (x86)\PostgreSQL\9.3\bin servidor: localhost:5432 usuario: postgres
10/02/17 - 08:25:25 INFO: Testando backup do PostgreSQL, pasta_bin:C:\Program Files (x86)\PostgreSQL\9.3\bin servidor: localhost:5432 usuario: postgres
10/02/17 - 08:26:17 INFO: Testando backup do PostgreSQL, pasta_bin:C:\Program Files (x86)\PostgreSQL\9.3\bin servidor: localhost:5432 usuario: postgres
10/02/17 - 08:27:36 INFO: Testando backup do PostgreSQL, pasta_bin:C:\Program Files (x86)\PostgreSQL\9.3\bin servidor: localhost:5432 usuario: postgres
10/02/17 - 09:48:55 INFO: Testando backup do PostgreSQL, pasta_bin:C:\Program Files (x86)\PostgreSQL\9.3\bin servidor: localhost:5432 usuario: postgres
10/02/17 - 09:49:24 INFO: Testando backup do PostgreSQL, pasta_bin:C:\Program Files (x86)\PostgreSQL\9.3\bin servidor: localhost:5432 usuario: postgres
10/02/17 - 10:13:30 INFO: Testando backup do PostgreSQL, pasta_bin:C:\Program Files (x86)\PostgreSQL\9.3\bin servidor: localhost:5432 usuario: postgres
10/02/17 - 10:13:35 INFO: Testando backup do PostgreSQL, pasta_bin:C:\Program Files (x86)\PostgreSQL\9.3\bin servidor: localhost:5432 usuario: postgres
10/02/17 - 10:14:06 INFO: Testando backup do PostgreSQL, pasta_bin:C:\Program Files (x86)\PostgreSQL\9.3\bin servidor: localhost:5432 usuario: postgres
10/02/17 - 10:56:23 INFO: Testando backup do PostgreSQL, pasta_bin:C:\Program Files (x86)\PostgreSQL\9.3\bin servidor: localhost:5432 usuario: postgres
10/02/17 - 10:56:31 INFO: Testando backup do PostgreSQL, pasta_bin:C:\Program Files (x86)\PostgreSQL\9.3\bin servidor: localhost:5432 usuario: postgres
10/02/17 - 10:58:04 INFO: Testando backup do PostgreSQL, pasta_bin:C:\Program Files (x86)\PostgreSQL\9.3\bin servidor: localhost:5432 usuario: postgres
10/02/17 - 10:58:12 INFO: Testando backup do PostgreSQL, pasta_bin:C:\Program Files (x86)\PostgreSQL\9.3\bin servidor: localhost:5432 usuario: postgres
10/02/17 - 10:58:17 INFO: As configurações do PostgresSQL estão corretas
10/02/17 - 11:03:40 INFO: Testando backup do PostgreSQL, pasta_bin:C:\Program Files (x86)\PostgreSQL\9.3\bin servidor: localhost:5432 usuario: postgres
10/02/17 - 11:04:41 INFO: Testando backup do PostgreSQL, pasta_bin:C:\Program Files (x86)\PostgreSQL\9.3\bin servidor: localhost:5432 usuario: postgres
10/02/17 - 11:04:57 INFO: As configurações do PostgresSQL estão corretas
10/02/17 - 11:07:50 INFO: Testando backup do PostgreSQL, pasta_bin:C:\Program Files (x86)\PostgreSQL\9.3\bin servidor: localhost:5432 usuario: postgres
10/02/17 - 11:08:00 INFO: As configurações do PostgresSQL estão corretas
10/02/17 - 11:08:38 INFO: Testando backup do PostgreSQL, pasta_bin:C:\Program Files (x86)\PostgreSQL\9.3\bin servidor: localhost:5432 usuario: postgres
10/02/17 - 11:08:42 INFO: As configurações do PostgresSQL estão corretas
10/02/17 - 11:08:46 INFO: Testando backup do PostgreSQL, pasta_bin:C:\Program Files (x86)\PostgreSQL\9.3\bin servidor: localhost:5432 usuario: postgres
10/02/17 - 11:08:50 INFO: As configurações do PostgresSQL estão corretas
10/02/17 - 13:53:33 INFO: Alterando banco_post de 'blancoaf' para ''
